   Compiling ../../../test.cpp in debug mode
In file included from ../../../test.h:5:0,
                 from ../../../test.cpp:1:
../../../deep_learning.h:22:86: error: default template arguments may not be used in function templates without -std=c++0x or -std=gnu++0x
make: *** [obj/test.o] Error 1
CRITICAL WARNING: [SIM 1] 'csim_design' failed: compilation error(s).
